<?xml version="1.0" encoding="UTF-8"?>
<!-- Generated by org.testng.reporters.JUnitXMLReporter -->
<testsuite hostname="MAA2-LT18YYLC2" ignored="0" name="Default test" tests="2" failures="0" timestamp="2020-01-01T17:37:55 IST" time="13.634" errors="0">
  <testcase name="runScenario" time="7.077" classname="cucumber.api.testng.AbstractTestNGCucumberTests"/>
  <testcase name="runScenario" time="6.285" classname="cucumber.api.testng.AbstractTestNGCucumberTests"/>
</testsuite> <!-- Default test -->
