<?xml version="1.0" encoding="UTF-8"?>
<!-- Generated by org.testng.reporters.JUnitXMLReporter -->
<testsuite hostname="MAA2-LT18YYLC2" ignored="0" name="Test" tests="3" failures="0" timestamp="2019-12-25T18:46:12 IST" time="109.263" errors="0">
  <testcase name="rubCreatelead" time="13.704" classname="learndynamicdata.CreateLead"/>
  <testcase name="rubCreatelead" time="10.539" classname="learndynamicdata.CreateLead"/>
  <testcase name="rubCreatelead" time="10.731" classname="learndynamicdata.CreateLead"/>
</testsuite> <!-- Test -->
