<?xml version="1.0" encoding="UTF-8"?>
<testng-results skipped="0" failed="0" ignored="0" total="2" passed="2">
  <reporter-output>
  </reporter-output>
  <suite name="Default suite" duration-ms="13634" started-at="2020-01-01T17:37:42 IST" finished-at="2020-01-01T17:37:55 IST">
    <groups>
      <group name="cucumber">
        <method signature="AbstractTestNGCucumberTests.runScenario(cucumber.api.testng.PickleEventWrapper, cucumber.api.testng.CucumberFeatureWrapper)[pri:0, instance:cucumber1.RunTest@4e7dc304]" name="runScenario" class="cucumber.api.testng.AbstractTestNGCucumberTests"/>
      </group> <!-- cucumber -->
    </groups>
    <test name="Default test" duration-ms="13634" started-at="2020-01-01T17:37:42 IST" finished-at="2020-01-01T17:37:55 IST">
      <class name="cucumber1.RunTest">
        <test-method status="PASS" signature="setUpClass()[pri:0, instance:cucumber1.RunTest@4e7dc304]" name="setUpClass" is-config="true" duration-ms="166" started-at="2020-01-01T17:37:42 IST" finished-at="2020-01-01T17:37:42 IST">
          <reporter-output>
          </reporter-output>
        </test-method> <!-- setUpClass -->
        <test-method status="PASS" signature="runScenario(cucumber.api.testng.PickleEventWrapper, cucumber.api.testng.CucumberFeatureWrapper)[pri:0, instance:cucumber1.RunTest@4e7dc304]" name="runScenario" duration-ms="7077" started-at="2020-01-01T17:37:42 IST" description="Runs Cucumber Scenarios" data-provider="scenarios" finished-at="2020-01-01T17:37:49 IST">
          <params>
            <param index="0">
              <value>
                <![CDATA["TC001 positive flow for login"]]>
              </value>
            </param>
            <param index="1">
              <value>
                <![CDATA["Login to Leaftaps application"]]>
              </value>
            </param>
          </params>
          <reporter-output>
          </reporter-output>
        </test-method> <!-- runScenario -->
        <test-method status="PASS" signature="runScenario(cucumber.api.testng.PickleEventWrapper, cucumber.api.testng.CucumberFeatureWrapper)[pri:0, instance:cucumber1.RunTest@4e7dc304]" name="runScenario" duration-ms="6285" started-at="2020-01-01T17:37:49 IST" description="Runs Cucumber Scenarios" data-provider="scenarios" finished-at="2020-01-01T17:37:55 IST">
          <params>
            <param index="0">
              <value>
                <![CDATA["TC001 positive flow for login"]]>
              </value>
            </param>
            <param index="1">
              <value>
                <![CDATA["Login to Leaftaps application"]]>
              </value>
            </param>
          </params>
          <reporter-output>
          </reporter-output>
        </test-method> <!-- runScenario -->
        <test-method status="PASS" signature="tearDownClass()[pri:0, instance:cucumber1.RunTest@4e7dc304]" name="tearDownClass" is-config="true" duration-ms="9" started-at="2020-01-01T17:37:55 IST" finished-at="2020-01-01T17:37:55 IST">
          <reporter-output>
          </reporter-output>
        </test-method> <!-- tearDownClass -->
      </class> <!-- cucumber1.RunTest -->
    </test> <!-- Default test -->
  </suite> <!-- Default suite -->
</testng-results>
